<?xml version="1.0" encoding="UTF-8"?>
<!-- Generated by org.testng.reporters.JUnitReportReporter -->
<testsuite hostname="LAPTOP-NDCC4F01" failures="0" tests="1" name="myfirstpck.SearchProduct" time="1.345" errors="0" timestamp="2023-08-02T21:02:37 IST" skipped="0">
  <testcase classname="myfirstpck.SearchProduct" name="InvalidProductSearch" time="1.345"/>
  <system-out/>
</testsuite> <!-- myfirstpck.SearchProduct -->
