<?xml version="1.0" encoding="UTF-8"?>
<!-- Generated by org.testng.reporters.JUnitReportReporter -->
<testsuite hostname="LAPTOP-NDCC4F01" failures="0" tests="1" name="myfirstpck.LoginPageTest" time="0.146" errors="0" timestamp="2023-04-04T21:17:18 IST" skipped="0">
  <testcase classname="myfirstpck.LoginPageTest" name="testEmptyUsername" time="0.146"/>
  <system-out/>
</testsuite> <!-- myfirstpck.LoginPageTest -->
