<?xml version="1.0" encoding="UTF-8"?>
<!-- Generated by org.testng.reporters.JUnitReportReporter -->
<testsuite hostname="LAPTOP-NDCC4F01" failures="0" tests="2" name="myfirstpck.ShopByCategory" time="15.189" errors="0" timestamp="2023-04-05T21:11:33 IST" skipped="0">
  <testcase classname="myfirstpck.ShopByCategory" name="openWebsite" time="1.869"/>
  <system-out/>
  <testcase classname="myfirstpck.ShopByCategory" name="shopbycategory" time="13.320"/>
  <system-out/>
</testsuite> <!-- myfirstpck.ShopByCategory -->
