<?xml version="1.0" encoding="UTF-8"?>
<!-- Generated by org.testng.reporters.JUnitReportReporter -->
<testsuite hostname="LAPTOP-NDCC4F01" failures="0" tests="1" name="myfirstpck.LoginPage" time="1.421" errors="0" timestamp="2023-11-06T08:41:34 IST" skipped="0">
  <testcase classname="myfirstpck.LoginPage" name="testValidLogin" time="1.421"/>
  <system-out/>
</testsuite> <!-- myfirstpck.LoginPage -->
