<?xml version="1.0" encoding="UTF-8"?>
<!-- Generated by org.testng.reporters.JUnitReportReporter -->
<testsuite hostname="LAPTOP-NDCC4F01" failures="0" tests="3" name="myfirstpck.AddToCart" time="14.407" errors="0" timestamp="2023-08-02T21:13:42 IST" skipped="0">
  <testcase classname="myfirstpck.AddToCart" name="validlogin" time="3.218"/>
  <system-out/>
  <testcase classname="myfirstpck.AddToCart" name="searchproduct" time="9.650"/>
  <system-out/>
  <testcase classname="myfirstpck.AddToCart" name="addtocart" time="1.539"/>
  <system-out/>
</testsuite> <!-- myfirstpck.AddToCart -->
