<?xml version="1.0" encoding="UTF-8"?>
<!-- Generated by org.testng.reporters.JUnitReportReporter -->
<testsuite hostname="LAPTOP-NDCC4F01" failures="0" tests="2" name="myfirstpck.Wishlist" time="10.509" errors="0" timestamp="2023-04-10T17:51:27 IST" skipped="0">
  <testcase classname="myfirstpck.Wishlist" name="validlogin" time="1.953"/>
  <system-out/>
  <testcase classname="myfirstpck.Wishlist" name="AddToWishlist" time="8.556"/>
  <system-out/>
</testsuite> <!-- myfirstpck.Wishlist -->
